$ ./scripts/paper-example-valgrind.sh 
Compilation successful! Executable generated at: output
==3108== Memcheck, a memory error detector
==3108== Copyright (C) 2002-2022, and GNU GPL'd, by Julian Seward et al.
==3108== Using Valgrind-3.22.0 and LibVEX; rerun with -h for copyright info
==3108== Command: ./output
==3108== 

59
8404
-8403
12359079
12369087
-12369084
-12359073
Steps taken: 198480, Average step time: 154 us, Signals left in heap: 21
==3108== 
==3108== HEAP SUMMARY:
==3108==     in use at exit: 5,811 bytes in 154 blocks
==3108==   total heap usage: 4,169,475 allocs, 4,169,321 frees, 174,719,546 bytes allocated
==3108== 
==3108== LEAK SUMMARY:
==3108==    definitely lost: 0 bytes in 0 blocks
==3108==    indirectly lost: 0 bytes in 0 blocks
==3108==      possibly lost: 0 bytes in 0 blocks
==3108==    still reachable: 5,811 bytes in 154 blocks
==3108==         suppressed: 0 bytes in 0 blocks
==3108== Reachable blocks (those to which a pointer was found) are not shown.
==3108== To see them, rerun with: --leak-check=full --show-leak-kinds=all
==3108== 
==3108== For lists of detected and suppressed errors, rerun with: -s
==3108== ERROR SUMMARY: 0 errors from 0 contexts (suppressed: 0 from 0)
